<?xml version="1.0" encoding="UTF-8"?>
<testsuite xmlns:xsi="http://www.w3.org/2001/XMLSchema-instance" xsi:noNamespaceSchemaLocation="https://maven.apache.org/surefire/maven-surefire-plugin/xsd/surefire-test-report-3.0.xsd" version="3.0" name="SuaDiemTest" time="5.393" tests="9" errors="0" skipped="0" failures="0">
  <properties>
    <property name="java.specification.version" value="23"/>
    <property name="sun.cpu.isalist" value="amd64"/>
    <property name="sun.jnu.encoding" value="UTF-8"/>
    <property name="sun.awt.enableExtraMouseButtons" value="true"/>
    <property name="java.class.path" value="C:\Users\dvmv2\OneDrive\Documents\NetBeansProjects\junittesting\target\test-classes;C:\Users\dvmv2\OneDrive\Documents\NetBeansProjects\junittesting\target\classes;C:\Users\dvmv2\.m2\repository\org\apache\poi\poi-ooxml\5.2.3\poi-ooxml-5.2.3.jar;C:\Users\dvmv2\.m2\repository\org\apache\poi\poi-ooxml-lite\5.2.3\poi-ooxml-lite-5.2.3.jar;C:\Users\dvmv2\.m2\repository\org\apache\xmlbeans\xmlbeans\5.1.1\xmlbeans-5.1.1.jar;C:\Users\dvmv2\.m2\repository\org\apache\commons\commons-compress\1.21\commons-compress-1.21.jar;C:\Users\dvmv2\.m2\repository\commons-io\commons-io\2.11.0\commons-io-2.11.0.jar;C:\Users\dvmv2\.m2\repository\com\github\virtuald\curvesapi\1.07\curvesapi-1.07.jar;C:\Users\dvmv2\.m2\repository\org\apache\logging\log4j\log4j-api\2.18.0\log4j-api-2.18.0.jar;C:\Users\dvmv2\.m2\repository\org\apache\commons\commons-collections4\4.4\commons-collections4-4.4.jar;C:\Users\dvmv2\.m2\repository\com\toedter\jcalendar\1.4\jcalendar-1.4.jar;C:\Users\dvmv2\.m2\repository\org\apache\commons\commons-lang3\3.12.0\commons-lang3-3.12.0.jar;C:\Users\dvmv2\.m2\repository\org\apache\httpcomponents\httpclient\4.5.13\httpclient-4.5.13.jar;C:\Users\dvmv2\.m2\repository\org\apache\httpcomponents\httpcore\4.4.13\httpcore-4.4.13.jar;C:\Users\dvmv2\.m2\repository\commons-logging\commons-logging\1.2\commons-logging-1.2.jar;C:\Users\dvmv2\.m2\repository\commons-codec\commons-codec\1.11\commons-codec-1.11.jar;C:\Users\dvmv2\.m2\repository\org\apache\poi\poi\5.2.3\poi-5.2.3.jar;C:\Users\dvmv2\.m2\repository\org\apache\commons\commons-math3\3.6.1\commons-math3-3.6.1.jar;C:\Users\dvmv2\.m2\repository\com\zaxxer\SparseBitSet\1.2\SparseBitSet-1.2.jar;C:\Users\dvmv2\.m2\repository\com\mysql\mysql-connector-j\8.0.33\mysql-connector-j-8.0.33.jar;C:\Users\dvmv2\.m2\repository\com\google\protobuf\protobuf-java\3.21.9\protobuf-java-3.21.9.jar;C:\Users\dvmv2\.m2\repository\org\junit\jupiter\junit-jupiter-api\5.10.3\junit-jupiter-api-5.10.3.jar;C:\Users\dvmv2\.m2\repository\org\opentest4j\opentest4j\1.3.0\opentest4j-1.3.0.jar;C:\Users\dvmv2\.m2\repository\org\junit\platform\junit-platform-commons\1.10.3\junit-platform-commons-1.10.3.jar;C:\Users\dvmv2\.m2\repository\org\apiguardian\apiguardian-api\1.1.2\apiguardian-api-1.1.2.jar;C:\Users\dvmv2\.m2\repository\org\junit\jupiter\junit-jupiter-params\5.10.3\junit-jupiter-params-5.10.3.jar;C:\Users\dvmv2\.m2\repository\org\junit\jupiter\junit-jupiter-engine\5.10.3\junit-jupiter-engine-5.10.3.jar;C:\Users\dvmv2\.m2\repository\org\junit\platform\junit-platform-engine\1.10.3\junit-platform-engine-1.10.3.jar;"/>
    <property name="java.vm.vendor" value="Oracle Corporation"/>
    <property name="sun.arch.data.model" value="64"/>
    <property name="user.variant" value=""/>
    <property name="java.vendor.url" value="https://java.oracle.com/"/>
    <property name="user.timezone" value="Asia/Saigon"/>
    <property name="user.country.format" value="VN"/>
    <property name="os.name" value="Windows 11"/>
    <property name="java.vm.specification.version" value="23"/>
    <property name="user.country" value="US"/>
    <property name="sun.java.launcher" value="SUN_STANDARD"/>
    <property name="sun.boot.library.path" value="C:\Program Files\Java\jdk-23\bin"/>
    <property name="sun.java.command" value="C:\Users\dvmv2\AppData\Local\Temp\surefire12952667655691098945\surefirebooter-20241207151430886_3.jar C:\Users\dvmv2\AppData\Local\Temp\surefire12952667655691098945 2024-12-07T15-14-30_800-jvmRun1 surefire-20241207151430886_1tmp surefire_0-20241207151430886_2tmp"/>
    <property name="jdk.debug" value="release"/>
    <property name="test" value="SuaDiemTest"/>
    <property name="surefire.test.class.path" value="C:\Users\dvmv2\OneDrive\Documents\NetBeansProjects\junittesting\target\test-classes;C:\Users\dvmv2\OneDrive\Documents\NetBeansProjects\junittesting\target\classes;C:\Users\dvmv2\.m2\repository\org\apache\poi\poi-ooxml\5.2.3\poi-ooxml-5.2.3.jar;C:\Users\dvmv2\.m2\repository\org\apache\poi\poi-ooxml-lite\5.2.3\poi-ooxml-lite-5.2.3.jar;C:\Users\dvmv2\.m2\repository\org\apache\xmlbeans\xmlbeans\5.1.1\xmlbeans-5.1.1.jar;C:\Users\dvmv2\.m2\repository\org\apache\commons\commons-compress\1.21\commons-compress-1.21.jar;C:\Users\dvmv2\.m2\repository\commons-io\commons-io\2.11.0\commons-io-2.11.0.jar;C:\Users\dvmv2\.m2\repository\com\github\virtuald\curvesapi\1.07\curvesapi-1.07.jar;C:\Users\dvmv2\.m2\repository\org\apache\logging\log4j\log4j-api\2.18.0\log4j-api-2.18.0.jar;C:\Users\dvmv2\.m2\repository\org\apache\commons\commons-collections4\4.4\commons-collections4-4.4.jar;C:\Users\dvmv2\.m2\repository\com\toedter\jcalendar\1.4\jcalendar-1.4.jar;C:\Users\dvmv2\.m2\repository\org\apache\commons\commons-lang3\3.12.0\commons-lang3-3.12.0.jar;C:\Users\dvmv2\.m2\repository\org\apache\httpcomponents\httpclient\4.5.13\httpclient-4.5.13.jar;C:\Users\dvmv2\.m2\repository\org\apache\httpcomponents\httpcore\4.4.13\httpcore-4.4.13.jar;C:\Users\dvmv2\.m2\repository\commons-logging\commons-logging\1.2\commons-logging-1.2.jar;C:\Users\dvmv2\.m2\repository\commons-codec\commons-codec\1.11\commons-codec-1.11.jar;C:\Users\dvmv2\.m2\repository\org\apache\poi\poi\5.2.3\poi-5.2.3.jar;C:\Users\dvmv2\.m2\repository\org\apache\commons\commons-math3\3.6.1\commons-math3-3.6.1.jar;C:\Users\dvmv2\.m2\repository\com\zaxxer\SparseBitSet\1.2\SparseBitSet-1.2.jar;C:\Users\dvmv2\.m2\repository\com\mysql\mysql-connector-j\8.0.33\mysql-connector-j-8.0.33.jar;C:\Users\dvmv2\.m2\repository\com\google\protobuf\protobuf-java\3.21.9\protobuf-java-3.21.9.jar;C:\Users\dvmv2\.m2\repository\org\junit\jupiter\junit-jupiter-api\5.10.3\junit-jupiter-api-5.10.3.jar;C:\Users\dvmv2\.m2\repository\org\opentest4j\opentest4j\1.3.0\opentest4j-1.3.0.jar;C:\Users\dvmv2\.m2\repository\org\junit\platform\junit-platform-commons\1.10.3\junit-platform-commons-1.10.3.jar;C:\Users\dvmv2\.m2\repository\org\apiguardian\apiguardian-api\1.1.2\apiguardian-api-1.1.2.jar;C:\Users\dvmv2\.m2\repository\org\junit\jupiter\junit-jupiter-params\5.10.3\junit-jupiter-params-5.10.3.jar;C:\Users\dvmv2\.m2\repository\org\junit\jupiter\junit-jupiter-engine\5.10.3\junit-jupiter-engine-5.10.3.jar;C:\Users\dvmv2\.m2\repository\org\junit\platform\junit-platform-engine\1.10.3\junit-platform-engine-1.10.3.jar;"/>
    <property name="sun.cpu.endian" value="little"/>
    <property name="user.home" value="C:\Users\dvmv2"/>
    <property name="user.language" value="en"/>
    <property name="java.specification.vendor" value="Oracle Corporation"/>
    <property name="java.version.date" value="2024-09-17"/>
    <property name="java.home" value="C:\Program Files\Java\jdk-23"/>
    <property name="file.separator" value="\"/>
    <property name="basedir" value="C:\Users\dvmv2\OneDrive\Documents\NetBeansProjects\junittesting"/>
    <property name="java.vm.compressedOopsMode" value="Zero based"/>
    <property name="line.separator" value="&#10;"/>
    <property name="java.vm.specification.vendor" value="Oracle Corporation"/>
    <property name="java.specification.name" value="Java Platform API Specification"/>
    <property name="surefire.real.class.path" value="C:\Users\dvmv2\AppData\Local\Temp\surefire12952667655691098945\surefirebooter-20241207151430886_3.jar"/>
    <property name="user.script" value=""/>
    <property name="sun.management.compiler" value="HotSpot 64-Bit Tiered Compilers"/>
    <property name="java.runtime.version" value="23+37-2369"/>
    <property name="user.name" value="dvmv2"/>
    <property name="stdout.encoding" value="UTF-8"/>
    <property name="path.separator" value=";"/>
    <property name="os.version" value="10.0"/>
    <property name="java.runtime.name" value="Java(TM) SE Runtime Environment"/>
    <property name="file.encoding" value="UTF-8"/>
    <property name="java.vm.name" value="Java HotSpot(TM) 64-Bit Server VM"/>
    <property name="maven.ext.class.path" value="C:\Program Files\NetBeans-23\netbeans\java\maven-nblib\netbeans-eventspy.jar"/>
    <property name="localRepository" value="C:\Users\dvmv2\.m2\repository"/>
    <property name="java.vendor.url.bug" value="https://bugreport.java.com/bugreport/"/>
    <property name="java.io.tmpdir" value="C:\Users\dvmv2\AppData\Local\Temp\"/>
    <property name="java.version" value="23"/>
    <property name="user.dir" value="C:\Users\dvmv2\OneDrive\Documents\NetBeansProjects\junittesting"/>
    <property name="os.arch" value="amd64"/>
    <property name="java.vm.specification.name" value="Java Virtual Machine Specification"/>
    <property name="user.language.format" value="vi"/>
    <property name="sun.os.patch.level" value=""/>
    <property name="native.encoding" value="UTF-8"/>
    <property name="java.library.path" value="C:\Program Files\Java\jdk-23\bin;C:\WINDOWS\Sun\Java\bin;C:\WINDOWS\system32;C:\WINDOWS;C:\Program Files\Common Files\Oracle\Java\javapath;C:\Windows\system32;C:\Windows;C:\Windows\System32\Wbem;C:\Windows\System32\WindowsPowerShell\v1.0\;C:\Windows\System32\OpenSSH\;C:\Program Files (x86)\NVIDIA Corporation\PhysX\Common;C:\Program Files\NVIDIA Corporation\NVIDIA NvDLISR;C:\WINDOWS\system32;C:\WINDOWS;C:\WINDOWS\System32\Wbem;C:\WINDOWS\System32\WindowsPowerShell\v1.0\;C:\WINDOWS\System32\OpenSSH\;C:\MinGW\bin;C:\Program Files (x86)\Microsoft SQL Server\160\Tools\Binn\;C:\Program Files\Microsoft SQL Server\160\Tools\Binn\;C:\Program Files\Microsoft SQL Server\Client SDK\ODBC\170\Tools\Binn\;C:\Program Files\Microsoft SQL Server\160\DTS\Binn\;C:\Program Files (x86)\Microsoft SQL Server\160\DTS\Binn\;C:\Program Files\Azure Data Studio\bin;C:\xampp\php;C:\Composer;C:\Program Files\dotnet\;C:\xampp_new\php;C:\Program Files\Git\cmd;C:\Program Files\Maven\apache-maven-3.9.9\bin;C:\Program Files (x86)\Common Files\Oracle\Java\javapath;C:\Windows\system32;C:\Windows;C:\Windows\System32\Wbem;C:\Windows\System32\WindowsPowerShell\v1.0\;C:\Windows\System32\OpenSSH\;C:\Program Files (x86)\NVIDIA Corporation\PhysX\Common;C:\Program Files\NVIDIA Corporation\NVIDIA NvDLISR;C:\WINDOWS\system32;C:\WINDOWS;C:\WINDOWS\System32\Wbem;C:\WINDOWS\System32\WindowsPowerShell\v1.0\;C:\WINDOWS\System32\OpenSSH\;C:\MinGW\bin;C:\Program Files (x86)\Microsoft SQL Server\160\Tools\Binn\;C:\Program Files\Microsoft SQL Server\160\Tools\Binn\;C:\Program Files\Microsoft SQL Server\Client SDK\ODBC\170\Tools\Binn\;C:\Program Files\Microsoft SQL Server\160\DTS\Binn\;C:\Program Files (x86)\Microsoft SQL Server\160\DTS\Binn\;C:\Program Files\Azure Data Studio\bin;C:\Users\dvmv2\AppData\Local\Microsoft\WindowsApps;C:\Users\dvmv2\AppData\Local\Programs\Microsoft VS Code\bin;C:\Java\jdk-1.8\bin;C:\Program Files\Java\jdk-1.8\bin;C:\Users\dvmv2\OneDrive\Documents\JDBC\mysql-connector-j-8.3.0\mysql-connector-j-8.3.0\mysql-connector-j-8.3.0.jar;C:\Users\dvmv2\AppData\Roaming\Composer\vendor\bin;C:\Users\dvmv2\AppData\Local\GitHubDesktop\bin;C:\Users\dvmv2\AppData\Local\Microsoft\WindowsApps;;."/>
    <property name="java.vm.info" value="mixed mode, sharing"/>
    <property name="stderr.encoding" value="UTF-8"/>
    <property name="java.vendor" value="Oracle Corporation"/>
    <property name="java.vm.version" value="23+37-2369"/>
    <property name="sun.io.unicode.encoding" value="UnicodeLittle"/>
    <property name="java.class.version" value="67.0"/>
  </properties>
  <testcase name="testChangePassword_ValidData" classname="SuaDiemTest" time="0.037">
    <system-out><![CDATA[        -- TestChangePassword_ValidData --
hoan thanh
Expect: Thay đổi mật khẩu THÀNH CÔNG
Actual: Thay đổi mật khẩu THÀNH CÔNG
-- Test PASS --
]]></system-out>
  </testcase>
  <testcase name="testChangePassword_NoData" classname="SuaDiemTest" time="1.783">
    <system-out><![CDATA[        -- TestChangePassword_NoData --
Actual: Thay đổi mật khẩu THẤT BẠI
Actual: Thay đổi mật khẩu THẤT BẠI
-- Test PASS --
]]></system-out>
  </testcase>
  <testcase name="testChangePassword_NoOldPassword" classname="SuaDiemTest" time="0.571">
    <system-out><![CDATA[        -- testChangePassword_NoOldPassword --
Actual: Thay đổi mật khẩu THẤT BẠI
Actual: Thay đổi mật khẩu THẤT BẠI
-- Test PASS --
]]></system-out>
  </testcase>
  <testcase name="testChangePassword_IncorrectOldPassword" classname="SuaDiemTest" time="0.023">
    <system-out><![CDATA[        -- TestChangePassword_NoData --
hoan thanh
Actual: Thay đổi mật khẩu THẤT BẠI
Actual: Thay đổi mật khẩu THẤT BẠI
-- Test PASS --
]]></system-out>
    <system-err><![CDATA[thg 12 07, 2024 3:14:33 CH DAO.DoiMK_DAO changePassword
WARNING: Mật khẩu cũ không đúng cho username: userTest
]]></system-err>
  </testcase>
  <testcase name="testChangePassword_NoNewPasswordAndRenewPassword" classname="SuaDiemTest" time="0.524">
    <system-out><![CDATA[        -- TestChangePassword_NoNewPasswordAndRenewPassword --
Actual: Thay đổi mật khẩu THẤT BẠI
Actual: Thay đổi mật khẩu THẤT BẠI
-- Test PASS --
]]></system-out>
  </testcase>
  <testcase name="testChangePassword_NonewPassword" classname="SuaDiemTest" time="0.679">
    <system-out><![CDATA[        -- TesthangePassword_NonewPassword --
Actual: Thay đổi mật khẩu THẤT BẠI
Actual: Thay đổi mật khẩu THẤT BẠI
-- Test PASS --
]]></system-out>
  </testcase>
  <testcase name="testChangePassword_NoRenewPassword" classname="SuaDiemTest" time="0.593">
    <system-out><![CDATA[        -- TestChangePassword_NoRenewPassword --
Actual: Thay đổi mật khẩu THẤT BẠI
Actual: Thay đổi mật khẩu THẤT BẠI
-- Test PASS --
]]></system-out>
  </testcase>
  <testcase name="testChangePassword_Under5LengthNewPassword" classname="SuaDiemTest" time="0.509">
    <system-out><![CDATA[        -- TestChangePassword_Under5LengthNewPassword --
Actual: Thay đổi mật khẩu THẤT BẠI
Actual: Thay đổi mật khẩu THẤT BẠI
-- Test PASS --
]]></system-out>
  </testcase>
  <testcase name="testChangePassword_IncorrectRenewPassword" classname="SuaDiemTest" time="0.456">
    <system-out><![CDATA[        -- TestChangePassword_IncorrectRenewPassword --
Actual: Thay đổi mật khẩu THẤT BẠI
Actual: Thay đổi mật khẩu THẤT BẠI
-- Test PASS --
]]></system-out>
  </testcase>
</testsuite>